This is pdfTeX, Version 3.14159265-2.6-1.40.17 (MiKTeX 2.9.6200) (preloaded format=pdflatex 2017.1.2)  25 JUL 2017 15:58
entering extended mode
**./GreenwoodBanner.tex
(GreenwoodBanner.tex
LaTeX2e <2016/03/31> patch level 3
Babel <3.9r> and hyphenation patterns for 72 language(s) loaded.
("C:\Program Files (x86)\MiKTeX 2.9\tex\latex\base\book.cls"
Document Class: book 2014/09/29 v1.4h Standard LaTeX document class
("C:\Program Files (x86)\MiKTeX 2.9\tex\latex\base\bk10.clo"
File: bk10.clo 2014/09/29 v1.4h Standard LaTeX file (size option)
)
\c@part=\count79
\c@chapter=\count80
\c@section=\count81
\c@subsection=\count82
\c@subsubsection=\count83
\c@paragraph=\count84
\c@subparagraph=\count85
\c@figure=\count86
\c@table=\count87
\abovecaptionskip=\skip41
\belowcaptionskip=\skip42
\bibindent=\dimen102
) ("C:\Program Files (x86)\MiKTeX 2.9\tex\latex\lm\lmodern.sty"
Package: lmodern 2009/10/30 v1.6 Latin Modern Fonts
LaTeX Font Info:    Overwriting symbol font `operators' in version `normal'
(Font)                  OT1/cmr/m/n --> OT1/lmr/m/n on input line 22.
LaTeX Font Info:    Overwriting symbol font `letters' in version `normal'
(Font)                  OML/cmm/m/it --> OML/lmm/m/it on input line 23.
LaTeX Font Info:    Overwriting symbol font `symbols' in version `normal'
(Font)                  OMS/cmsy/m/n --> OMS/lmsy/m/n on input line 24.
LaTeX Font Info:    Overwriting symbol font `largesymbols' in version `normal'
(Font)                  OMX/cmex/m/n --> OMX/lmex/m/n on input line 25.
LaTeX Font Info:    Overwriting symbol font `operators' in version `bold'
(Font)                  OT1/cmr/bx/n --> OT1/lmr/bx/n on input line 26.
LaTeX Font Info:    Overwriting symbol font `letters' in version `bold'
(Font)                  OML/cmm/b/it --> OML/lmm/b/it on input line 27.
LaTeX Font Info:    Overwriting symbol font `symbols' in version `bold'
(Font)                  OMS/cmsy/b/n --> OMS/lmsy/b/n on input line 28.
LaTeX Font Info:    Overwriting symbol font `largesymbols' in version `bold'
(Font)                  OMX/cmex/m/n --> OMX/lmex/m/n on input line 29.
LaTeX Font Info:    Overwriting math alphabet `\mathbf' in version `normal'
(Font)                  OT1/cmr/bx/n --> OT1/lmr/bx/n on input line 31.
LaTeX Font Info:    Overwriting math alphabet `\mathsf' in version `normal'
(Font)                  OT1/cmss/m/n --> OT1/lmss/m/n on input line 32.
LaTeX Font Info:    Overwriting math alphabet `\mathit' in version `normal'
(Font)                  OT1/cmr/m/it --> OT1/lmr/m/it on input line 33.
LaTeX Font Info:    Overwriting math alphabet `\mathtt' in version `normal'
(Font)                  OT1/cmtt/m/n --> OT1/lmtt/m/n on input line 34.
LaTeX Font Info:    Overwriting math alphabet `\mathbf' in version `bold'
(Font)                  OT1/cmr/bx/n --> OT1/lmr/bx/n on input line 35.
LaTeX Font Info:    Overwriting math alphabet `\mathsf' in version `bold'
(Font)                  OT1/cmss/bx/n --> OT1/lmss/bx/n on input line 36.
LaTeX Font Info:    Overwriting math alphabet `\mathit' in version `bold'
(Font)                  OT1/cmr/bx/it --> OT1/lmr/bx/it on input line 37.
LaTeX Font Info:    Overwriting math alphabet `\mathtt' in version `bold'
(Font)                  OT1/cmtt/m/n --> OT1/lmtt/m/n on input line 38.
) ("C:\Program Files (x86)\MiKTeX 2.9\tex\latex\amsfonts\amssymb.sty"
Package: amssymb 2013/01/14 v3.01 AMS font symbols
("C:\Program Files (x86)\MiKTeX 2.9\tex\latex\amsfonts\amsfonts.sty"
Package: amsfonts 2013/01/14 v3.01 Basic AMSFonts support
\@emptytoks=\toks14
\symAMSa=\mathgroup4
\symAMSb=\mathgroup5
LaTeX Font Info:    Overwriting math alphabet `\mathfrak' in version `bold'
(Font)                  U/euf/m/n --> U/euf/b/n on input line 106.
)) ("C:\Program Files (x86)\MiKTeX 2.9\tex\latex\amsmath\amsmath.sty"
Package: amsmath 2016/06/28 v2.15d AMS math features
\@mathmargin=\skip43
For additional information on amsmath, use the `?' option.
("C:\Program Files (x86)\MiKTeX 2.9\tex\latex\amsmath\amstext.sty"
Package: amstext 2000/06/29 v2.01 AMS text
("C:\Program Files (x86)\MiKTeX 2.9\tex\latex\amsmath\amsgen.sty"
File: amsgen.sty 1999/11/30 v2.0 generic functions
\@emptytoks=\toks15
\ex@=\dimen103
)) ("C:\Program Files (x86)\MiKTeX 2.9\tex\latex\amsmath\amsbsy.sty"
Package: amsbsy 1999/11/29 v1.2d Bold Symbols
\pmbraise@=\dimen104
) ("C:\Program Files (x86)\MiKTeX 2.9\tex\latex\amsmath\amsopn.sty"
Package: amsopn 2016/03/08 v2.02 operator names
)
\inf@bad=\count88
LaTeX Info: Redefining \frac on input line 199.
\uproot@=\count89
\leftroot@=\count90
LaTeX Info: Redefining \overline on input line 297.
\classnum@=\count91
\DOTSCASE@=\count92
LaTeX Info: Redefining \ldots on input line 394.
LaTeX Info: Redefining \dots on input line 397.
LaTeX Info: Redefining \cdots on input line 518.
\Mathstrutbox@=\box26
\strutbox@=\box27
\big@size=\dimen105
LaTeX Font Info:    Redeclaring font encoding OML on input line 634.
LaTeX Font Info:    Redeclaring font encoding OMS on input line 635.
\macc@depth=\count93
\c@MaxMatrixCols=\count94
\dotsspace@=\muskip10
\c@parentequation=\count95
\dspbrk@lvl=\count96
\tag@help=\toks16
\row@=\count97
\column@=\count98
\maxfields@=\count99
\andhelp@=\toks17
\eqnshift@=\dimen106
\alignsep@=\dimen107
\tagshift@=\dimen108
\tagwidth@=\dimen109
\totwidth@=\dimen110
\lineht@=\dimen111
\@envbody=\toks18
\multlinegap=\skip44
\multlinetaggap=\skip45
\mathdisplay@stack=\toks19
LaTeX Info: Redefining \[ on input line 2739.
LaTeX Info: Redefining \] on input line 2740.
) ("C:\Program Files (x86)\MiKTeX 2.9\tex\generic\ifxetex\ifxetex.sty"
Package: ifxetex 2010/09/12 v0.6 Provides ifxetex conditional
) ("C:\Program Files (x86)\MiKTeX 2.9\tex\generic\oberdiek\ifluatex.sty"
Package: ifluatex 2016/05/16 v1.4 Provides the ifluatex switch (HO)
Package ifluatex Info: LuaTeX not detected.
) ("C:\Program Files (x86)\MiKTeX 2.9\tex\latex\base\fixltx2e.sty"
Package: fixltx2e 2015/06/22 v2.0b fixes to LaTeX (obsolete)

Package fixltx2e Warning: fixltx2e is not required with releases after 2015
(fixltx2e)                All fixes are now in the LaTeX kernel.
(fixltx2e)                See the latexrelease package for details.

) ("C:\Program Files (x86)\MiKTeX 2.9\tex\latex\base\fontenc.sty"
Package: fontenc 2016/06/19 v1.99m Standard LaTeX package
("C:\Program Files (x86)\MiKTeX 2.9\tex\latex\base\t1enc.def"
File: t1enc.def 2016/06/19 v1.99m Standard LaTeX file
LaTeX Font Info:    Redeclaring font encoding T1 on input line 48.
)) ("C:\Program Files (x86)\MiKTeX 2.9\tex\latex\base\inputenc.sty"
Package: inputenc 2015/03/17 v1.2c Input encoding file
\inpenc@prehook=\toks20
\inpenc@posthook=\toks21
("C:\Program Files (x86)\MiKTeX 2.9\tex\latex\base\utf8.def"
File: utf8.def 2016/02/28 v1.1s UTF-8 support for inputenc
Now handling font encoding OML ...
... no UTF-8 mapping file for font encoding OML
Now handling font encoding T1 ...
... processing UTF-8 mapping file for font encoding T1
("C:\Program Files (x86)\MiKTeX 2.9\tex\latex\base\t1enc.dfu"
File: t1enc.dfu 2016/02/28 v1.1s UTF-8 support for inputenc
   defining Unicode char U+00A0 (decimal 160)
   defining Unicode char U+00A1 (decimal 161)
   defining Unicode char U+00A3 (decimal 163)
   defining Unicode char U+00AB (decimal 171)
   defining Unicode char U+00AD (decimal 173)
   defining Unicode char U+00BB (decimal 187)
   defining Unicode char U+00BF (decimal 191)
   defining Unicode char U+00C0 (decimal 192)
   defining Unicode char U+00C1 (decimal 193)
   defining Unicode char U+00C2 (decimal 194)
   defining Unicode char U+00C3 (decimal 195)
   defining Unicode char U+00C4 (decimal 196)
   defining Unicode char U+00C5 (decimal 197)
   defining Unicode char U+00C6 (decimal 198)
   defining Unicode char U+00C7 (decimal 199)
   defining Unicode char U+00C8 (decimal 200)
   defining Unicode char U+00C9 (decimal 201)
   defining Unicode char U+00CA (decimal 202)
   defining Unicode char U+00CB (decimal 203)
   defining Unicode char U+00CC (decimal 204)
   defining Unicode char U+00CD (decimal 205)
   defining Unicode char U+00CE (decimal 206)
   defining Unicode char U+00CF (decimal 207)
   defining Unicode char U+00D0 (decimal 208)
   defining Unicode char U+00D1 (decimal 209)
   defining Unicode char U+00D2 (decimal 210)
   defining Unicode char U+00D3 (decimal 211)
   defining Unicode char U+00D4 (decimal 212)
   defining Unicode char U+00D5 (decimal 213)
   defining Unicode char U+00D6 (decimal 214)
   defining Unicode char U+00D8 (decimal 216)
   defining Unicode char U+00D9 (decimal 217)
   defining Unicode char U+00DA (decimal 218)
   defining Unicode char U+00DB (decimal 219)
   defining Unicode char U+00DC (decimal 220)
   defining Unicode char U+00DD (decimal 221)
   defining Unicode char U+00DE (decimal 222)
   defining Unicode char U+00DF (decimal 223)
   defining Unicode char U+00E0 (decimal 224)
   defining Unicode char U+00E1 (decimal 225)
   defining Unicode char U+00E2 (decimal 226)
   defining Unicode char U+00E3 (decimal 227)
   defining Unicode char U+00E4 (decimal 228)
   defining Unicode char U+00E5 (decimal 229)
   defining Unicode char U+00E6 (decimal 230)
   defining Unicode char U+00E7 (decimal 231)
   defining Unicode char U+00E8 (decimal 232)
   defining Unicode char U+00E9 (decimal 233)
   defining Unicode char U+00EA (decimal 234)
   defining Unicode char U+00EB (decimal 235)
   defining Unicode char U+00EC (decimal 236)
   defining Unicode char U+00ED (decimal 237)
   defining Unicode char U+00EE (decimal 238)
   defining Unicode char U+00EF (decimal 239)
   defining Unicode char U+00F0 (decimal 240)
   defining Unicode char U+00F1 (decimal 241)
   defining Unicode char U+00F2 (decimal 242)
   defining Unicode char U+00F3 (decimal 243)
   defining Unicode char U+00F4 (decimal 244)
   defining Unicode char U+00F5 (decimal 245)
   defining Unicode char U+00F6 (decimal 246)
   defining Unicode char U+00F8 (decimal 248)
   defining Unicode char U+00F9 (decimal 249)
   defining Unicode char U+00FA (decimal 250)
   defining Unicode char U+00FB (decimal 251)
   defining Unicode char U+00FC (decimal 252)
   defining Unicode char U+00FD (decimal 253)
   defining Unicode char U+00FE (decimal 254)
   defining Unicode char U+00FF (decimal 255)
   defining Unicode char U+0100 (decimal 256)
   defining Unicode char U+0101 (decimal 257)
   defining Unicode char U+0102 (decimal 258)
   defining Unicode char U+0103 (decimal 259)
   defining Unicode char U+0104 (decimal 260)
   defining Unicode char U+0105 (decimal 261)
   defining Unicode char U+0106 (decimal 262)
   defining Unicode char U+0107 (decimal 263)
   defining Unicode char U+0108 (decimal 264)
   defining Unicode char U+0109 (decimal 265)
   defining Unicode char U+010A (decimal 266)
   defining Unicode char U+010B (decimal 267)
   defining Unicode char U+010C (decimal 268)
   defining Unicode char U+010D (decimal 269)
   defining Unicode char U+010E (decimal 270)
   defining Unicode char U+010F (decimal 271)
   defining Unicode char U+0110 (decimal 272)
   defining Unicode char U+0111 (decimal 273)
   defining Unicode char U+0112 (decimal 274)
   defining Unicode char U+0113 (decimal 275)
   defining Unicode char U+0114 (decimal 276)
   defining Unicode char U+0115 (decimal 277)
   defining Unicode char U+0116 (decimal 278)
   defining Unicode char U+0117 (decimal 279)
   defining Unicode char U+0118 (decimal 280)
   defining Unicode char U+0119 (decimal 281)
   defining Unicode char U+011A (decimal 282)
   defining Unicode char U+011B (decimal 283)
   defining Unicode char U+011C (decimal 284)
   defining Unicode char U+011D (decimal 285)
   defining Unicode char U+011E (decimal 286)
   defining Unicode char U+011F (decimal 287)
   defining Unicode char U+0120 (decimal 288)
   defining Unicode char U+0121 (decimal 289)
   defining Unicode char U+0122 (decimal 290)
   defining Unicode char U+0123 (decimal 291)
   defining Unicode char U+0124 (decimal 292)
   defining Unicode char U+0125 (decimal 293)
   defining Unicode char U+0128 (decimal 296)
   defining Unicode char U+0129 (decimal 297)
   defining Unicode char U+012A (decimal 298)
   defining Unicode char U+012B (decimal 299)
   defining Unicode char U+012C (decimal 300)
   defining Unicode char U+012D (decimal 301)
   defining Unicode char U+012E (decimal 302)
   defining Unicode char U+012F (decimal 303)
   defining Unicode char U+0130 (decimal 304)
   defining Unicode char U+0131 (decimal 305)
   defining Unicode char U+0132 (decimal 306)
   defining Unicode char U+0133 (decimal 307)
   defining Unicode char U+0134 (decimal 308)
   defining Unicode char U+0135 (decimal 309)
   defining Unicode char U+0136 (decimal 310)
   defining Unicode char U+0137 (decimal 311)
   defining Unicode char U+0139 (decimal 313)
   defining Unicode char U+013A (decimal 314)
   defining Unicode char U+013B (decimal 315)
   defining Unicode char U+013C (decimal 316)
   defining Unicode char U+013D (decimal 317)
   defining Unicode char U+013E (decimal 318)
   defining Unicode char U+0141 (decimal 321)
   defining Unicode char U+0142 (decimal 322)
   defining Unicode char U+0143 (decimal 323)
   defining Unicode char U+0144 (decimal 324)
   defining Unicode char U+0145 (decimal 325)
   defining Unicode char U+0146 (decimal 326)
   defining Unicode char U+0147 (decimal 327)
   defining Unicode char U+0148 (decimal 328)
   defining Unicode char U+014A (decimal 330)
   defining Unicode char U+014B (decimal 331)
   defining Unicode char U+014C (decimal 332)
   defining Unicode char U+014D (decimal 333)
   defining Unicode char U+014E (decimal 334)
   defining Unicode char U+014F (decimal 335)
   defining Unicode char U+0150 (decimal 336)
   defining Unicode char U+0151 (decimal 337)
   defining Unicode char U+0152 (decimal 338)
   defining Unicode char U+0153 (decimal 339)
   defining Unicode char U+0154 (decimal 340)
   defining Unicode char U+0155 (decimal 341)
   defining Unicode char U+0156 (decimal 342)
   defining Unicode char U+0157 (decimal 343)
   defining Unicode char U+0158 (decimal 344)
   defining Unicode char U+0159 (decimal 345)
   defining Unicode char U+015A (decimal 346)
   defining Unicode char U+015B (decimal 347)
   defining Unicode char U+015C (decimal 348)
   defining Unicode char U+015D (decimal 349)
   defining Unicode char U+015E (decimal 350)
   defining Unicode char U+015F (decimal 351)
   defining Unicode char U+0160 (decimal 352)
   defining Unicode char U+0161 (decimal 353)
   defining Unicode char U+0162 (decimal 354)
   defining Unicode char U+0163 (decimal 355)
   defining Unicode char U+0164 (decimal 356)
   defining Unicode char U+0165 (decimal 357)
   defining Unicode char U+0168 (decimal 360)
   defining Unicode char U+0169 (decimal 361)
   defining Unicode char U+016A (decimal 362)
   defining Unicode char U+016B (decimal 363)
   defining Unicode char U+016C (decimal 364)
   defining Unicode char U+016D (decimal 365)
   defining Unicode char U+016E (decimal 366)
   defining Unicode char U+016F (decimal 367)
   defining Unicode char U+0170 (decimal 368)
   defining Unicode char U+0171 (decimal 369)
   defining Unicode char U+0172 (decimal 370)
   defining Unicode char U+0173 (decimal 371)
   defining Unicode char U+0174 (decimal 372)
   defining Unicode char U+0175 (decimal 373)
   defining Unicode char U+0176 (decimal 374)
   defining Unicode char U+0177 (decimal 375)
   defining Unicode char U+0178 (decimal 376)
   defining Unicode char U+0179 (decimal 377)
   defining Unicode char U+017A (decimal 378)
   defining Unicode char U+017B (decimal 379)
   defining Unicode char U+017C (decimal 380)
   defining Unicode char U+017D (decimal 381)
   defining Unicode char U+017E (decimal 382)
   defining Unicode char U+01CD (decimal 461)
   defining Unicode char U+01CE (decimal 462)
   defining Unicode char U+01CF (decimal 463)
   defining Unicode char U+01D0 (decimal 464)
   defining Unicode char U+01D1 (decimal 465)
   defining Unicode char U+01D2 (decimal 466)
   defining Unicode char U+01D3 (decimal 467)
   defining Unicode char U+01D4 (decimal 468)
   defining Unicode char U+01E2 (decimal 482)
   defining Unicode char U+01E3 (decimal 483)
   defining Unicode char U+01E6 (decimal 486)
   defining Unicode char U+01E7 (decimal 487)
   defining Unicode char U+01E8 (decimal 488)
   defining Unicode char U+01E9 (decimal 489)
   defining Unicode char U+01EA (decimal 490)
   defining Unicode char U+01EB (decimal 491)
   defining Unicode char U+01F0 (decimal 496)
   defining Unicode char U+01F4 (decimal 500)
   defining Unicode char U+01F5 (decimal 501)
   defining Unicode char U+0218 (decimal 536)
   defining Unicode char U+0219 (decimal 537)
   defining Unicode char U+021A (decimal 538)
   defining Unicode char U+021B (decimal 539)
   defining Unicode char U+1E02 (decimal 7682)
   defining Unicode char U+1E03 (decimal 7683)
   defining Unicode char U+200C (decimal 8204)
   defining Unicode char U+2010 (decimal 8208)
   defining Unicode char U+2011 (decimal 8209)
   defining Unicode char U+2012 (decimal 8210)
   defining Unicode char U+2013 (decimal 8211)
   defining Unicode char U+2014 (decimal 8212)
   defining Unicode char U+2015 (decimal 8213)
   defining Unicode char U+2018 (decimal 8216)
   defining Unicode char U+2019 (decimal 8217)
   defining Unicode char U+201A (decimal 8218)
   defining Unicode char U+201C (decimal 8220)
   defining Unicode char U+201D (decimal 8221)
   defining Unicode char U+201E (decimal 8222)
   defining Unicode char U+2030 (decimal 8240)
   defining Unicode char U+2031 (decimal 8241)
   defining Unicode char U+2039 (decimal 8249)
   defining Unicode char U+203A (decimal 8250)
   defining Unicode char U+2423 (decimal 9251)
)
Now handling font encoding OT1 ...
... processing UTF-8 mapping file for font encoding OT1
("C:\Program Files (x86)\MiKTeX 2.9\tex\latex\base\ot1enc.dfu"
File: ot1enc.dfu 2016/02/28 v1.1s UTF-8 support for inputenc
   defining Unicode char U+00A0 (decimal 160)
   defining Unicode char U+00A1 (decimal 161)
   defining Unicode char U+00A3 (decimal 163)
   defining Unicode char U+00AD (decimal 173)
   defining Unicode char U+00B8 (decimal 184)
   defining Unicode char U+00BF (decimal 191)
   defining Unicode char U+00C5 (decimal 197)
   defining Unicode char U+00C6 (decimal 198)
   defining Unicode char U+00D8 (decimal 216)
   defining Unicode char U+00DF (decimal 223)
   defining Unicode char U+00E6 (decimal 230)
   defining Unicode char U+00EC (decimal 236)
   defining Unicode char U+00ED (decimal 237)
   defining Unicode char U+00EE (decimal 238)
   defining Unicode char U+00EF (decimal 239)
   defining Unicode char U+00F8 (decimal 248)
   defining Unicode char U+0131 (decimal 305)
   defining Unicode char U+0141 (decimal 321)
   defining Unicode char U+0142 (decimal 322)
   defining Unicode char U+0152 (decimal 338)
   defining Unicode char U+0153 (decimal 339)
   defining Unicode char U+0174 (decimal 372)
   defining Unicode char U+0175 (decimal 373)
   defining Unicode char U+0176 (decimal 374)
   defining Unicode char U+0177 (decimal 375)
   defining Unicode char U+0218 (decimal 536)
   defining Unicode char U+0219 (decimal 537)
   defining Unicode char U+021A (decimal 538)
   defining Unicode char U+021B (decimal 539)
   defining Unicode char U+2013 (decimal 8211)
   defining Unicode char U+2014 (decimal 8212)
   defining Unicode char U+2018 (decimal 8216)
   defining Unicode char U+2019 (decimal 8217)
   defining Unicode char U+201C (decimal 8220)
   defining Unicode char U+201D (decimal 8221)
)
Now handling font encoding OMS ...
... processing UTF-8 mapping file for font encoding OMS
("C:\Program Files (x86)\MiKTeX 2.9\tex\latex\base\omsenc.dfu"
File: omsenc.dfu 2016/02/28 v1.1s UTF-8 support for inputenc
   defining Unicode char U+00A7 (decimal 167)
   defining Unicode char U+00B6 (decimal 182)
   defining Unicode char U+00B7 (decimal 183)
   defining Unicode char U+2020 (decimal 8224)
   defining Unicode char U+2021 (decimal 8225)
   defining Unicode char U+2022 (decimal 8226)
)
Now handling font encoding OMX ...
... no UTF-8 mapping file for font encoding OMX
Now handling font encoding U ...
... no UTF-8 mapping file for font encoding U
   defining Unicode char U+00A9 (decimal 169)
   defining Unicode char U+00AA (decimal 170)
   defining Unicode char U+00AE (decimal 174)
   defining Unicode char U+00BA (decimal 186)
   defining Unicode char U+02C6 (decimal 710)
   defining Unicode char U+02DC (decimal 732)
   defining Unicode char U+200C (decimal 8204)
   defining Unicode char U+2026 (decimal 8230)
   defining Unicode char U+2122 (decimal 8482)
   defining Unicode char U+2423 (decimal 9251)
)) (C:\Users\greta\AppData\Roaming\MiKTeX\2.9\tex\latex\upquote\upquote.sty
Package: upquote 2012/04/19 v1.3 upright-quote and grave-accent glyphs in verba
tim
("C:\Program Files (x86)\MiKTeX 2.9\tex\latex\base\textcomp.sty"
Package: textcomp 2016/06/19 v1.99m Standard LaTeX package
Package textcomp Info: Sub-encoding information:
(textcomp)               5 = only ISO-Adobe without \textcurrency
(textcomp)               4 = 5 + \texteuro
(textcomp)               3 = 4 + \textohm
(textcomp)               2 = 3 + \textestimated + \textcurrency
(textcomp)               1 = TS1 - \textcircled - \t
(textcomp)               0 = TS1 (full)
(textcomp)             Font families with sub-encoding setting implement
(textcomp)             only a restricted character set as indicated.
(textcomp)             Family '?' is the default used for unknown fonts.
(textcomp)             See the documentation for details.
Package textcomp Info: Setting ? sub-encoding to TS1/1 on input line 79.
("C:\Program Files (x86)\MiKTeX 2.9\tex\latex\base\ts1enc.def"
File: ts1enc.def 2001/06/05 v3.0e (jk/car/fm) Standard LaTeX file
Now handling font encoding TS1 ...
... processing UTF-8 mapping file for font encoding TS1
("C:\Program Files (x86)\MiKTeX 2.9\tex\latex\base\ts1enc.dfu"
File: ts1enc.dfu 2016/02/28 v1.1s UTF-8 support for inputenc
   defining Unicode char U+00A2 (decimal 162)
   defining Unicode char U+00A3 (decimal 163)
   defining Unicode char U+00A4 (decimal 164)
   defining Unicode char U+00A5 (decimal 165)
   defining Unicode char U+00A6 (decimal 166)
   defining Unicode char U+00A7 (decimal 167)
   defining Unicode char U+00A8 (decimal 168)
   defining Unicode char U+00A9 (decimal 169)
   defining Unicode char U+00AA (decimal 170)
   defining Unicode char U+00AC (decimal 172)
   defining Unicode char U+00AE (decimal 174)
   defining Unicode char U+00AF (decimal 175)
   defining Unicode char U+00B0 (decimal 176)
   defining Unicode char U+00B1 (decimal 177)
   defining Unicode char U+00B2 (decimal 178)
   defining Unicode char U+00B3 (decimal 179)
   defining Unicode char U+00B4 (decimal 180)
   defining Unicode char U+00B5 (decimal 181)
   defining Unicode char U+00B6 (decimal 182)
   defining Unicode char U+00B7 (decimal 183)
   defining Unicode char U+00B9 (decimal 185)
   defining Unicode char U+00BA (decimal 186)
   defining Unicode char U+00BC (decimal 188)
   defining Unicode char U+00BD (decimal 189)
   defining Unicode char U+00BE (decimal 190)
   defining Unicode char U+00D7 (decimal 215)
   defining Unicode char U+00F7 (decimal 247)
   defining Unicode char U+0192 (decimal 402)
   defining Unicode char U+02C7 (decimal 711)
   defining Unicode char U+02D8 (decimal 728)
   defining Unicode char U+02DD (decimal 733)
   defining Unicode char U+0E3F (decimal 3647)
   defining Unicode char U+2016 (decimal 8214)
   defining Unicode char U+2020 (decimal 8224)
   defining Unicode char U+2021 (decimal 8225)
   defining Unicode char U+2022 (decimal 8226)
   defining Unicode char U+2030 (decimal 8240)
   defining Unicode char U+2031 (decimal 8241)
   defining Unicode char U+203B (decimal 8251)
   defining Unicode char U+203D (decimal 8253)
   defining Unicode char U+2044 (decimal 8260)
   defining Unicode char U+204E (decimal 8270)
   defining Unicode char U+2052 (decimal 8274)
   defining Unicode char U+20A1 (decimal 8353)
   defining Unicode char U+20A4 (decimal 8356)
   defining Unicode char U+20A6 (decimal 8358)
   defining Unicode char U+20A9 (decimal 8361)
   defining Unicode char U+20AB (decimal 8363)
   defining Unicode char U+20AC (decimal 8364)
   defining Unicode char U+20B1 (decimal 8369)
   defining Unicode char U+2103 (decimal 8451)
   defining Unicode char U+2116 (decimal 8470)
   defining Unicode char U+2117 (decimal 8471)
   defining Unicode char U+211E (decimal 8478)
   defining Unicode char U+2120 (decimal 8480)
   defining Unicode char U+2122 (decimal 8482)
   defining Unicode char U+2126 (decimal 8486)
   defining Unicode char U+2127 (decimal 8487)
   defining Unicode char U+212E (decimal 8494)
   defining Unicode char U+2190 (decimal 8592)
   defining Unicode char U+2191 (decimal 8593)
   defining Unicode char U+2192 (decimal 8594)
   defining Unicode char U+2193 (decimal 8595)
   defining Unicode char U+2329 (decimal 9001)
   defining Unicode char U+232A (decimal 9002)
   defining Unicode char U+2422 (decimal 9250)
   defining Unicode char U+25E6 (decimal 9702)
   defining Unicode char U+25EF (decimal 9711)
   defining Unicode char U+266A (decimal 9834)
))
LaTeX Info: Redefining \oldstylenums on input line 334.
Package textcomp Info: Setting cmr sub-encoding to TS1/0 on input line 349.
Package textcomp Info: Setting cmss sub-encoding to TS1/0 on input line 350.
Package textcomp Info: Setting cmtt sub-encoding to TS1/0 on input line 351.
Package textcomp Info: Setting cmvtt sub-encoding to TS1/0 on input line 352.
Package textcomp Info: Setting cmbr sub-encoding to TS1/0 on input line 353.
Package textcomp Info: Setting cmtl sub-encoding to TS1/0 on input line 354.
Package textcomp Info: Setting ccr sub-encoding to TS1/0 on input line 355.
Package textcomp Info: Setting ptm sub-encoding to TS1/4 on input line 356.
Package textcomp Info: Setting pcr sub-encoding to TS1/4 on input line 357.
Package textcomp Info: Setting phv sub-encoding to TS1/4 on input line 358.
Package textcomp Info: Setting ppl sub-encoding to TS1/3 on input line 359.
Package textcomp Info: Setting pag sub-encoding to TS1/4 on input line 360.
Package textcomp Info: Setting pbk sub-encoding to TS1/4 on input line 361.
Package textcomp Info: Setting pnc sub-encoding to TS1/4 on input line 362.
Package textcomp Info: Setting pzc sub-encoding to TS1/4 on input line 363.
Package textcomp Info: Setting bch sub-encoding to TS1/4 on input line 364.
Package textcomp Info: Setting put sub-encoding to TS1/5 on input line 365.
Package textcomp Info: Setting uag sub-encoding to TS1/5 on input line 366.
Package textcomp Info: Setting ugq sub-encoding to TS1/5 on input line 367.
Package textcomp Info: Setting ul8 sub-encoding to TS1/4 on input line 368.
Package textcomp Info: Setting ul9 sub-encoding to TS1/4 on input line 369.
Package textcomp Info: Setting augie sub-encoding to TS1/5 on input line 370.
Package textcomp Info: Setting dayrom sub-encoding to TS1/3 on input line 371.
Package textcomp Info: Setting dayroms sub-encoding to TS1/3 on input line 372.

Package textcomp Info: Setting pxr sub-encoding to TS1/0 on input line 373.
Package textcomp Info: Setting pxss sub-encoding to TS1/0 on input line 374.
Package textcomp Info: Setting pxtt sub-encoding to TS1/0 on input line 375.
Package textcomp Info: Setting txr sub-encoding to TS1/0 on input line 376.
Package textcomp Info: Setting txss sub-encoding to TS1/0 on input line 377.
Package textcomp Info: Setting txtt sub-encoding to TS1/0 on input line 378.
Package textcomp Info: Setting lmr sub-encoding to TS1/0 on input line 379.
Package textcomp Info: Setting lmdh sub-encoding to TS1/0 on input line 380.
Package textcomp Info: Setting lmss sub-encoding to TS1/0 on input line 381.
Package textcomp Info: Setting lmssq sub-encoding to TS1/0 on input line 382.
Package textcomp Info: Setting lmvtt sub-encoding to TS1/0 on input line 383.
Package textcomp Info: Setting lmtt sub-encoding to TS1/0 on input line 384.
Package textcomp Info: Setting qhv sub-encoding to TS1/0 on input line 385.
Package textcomp Info: Setting qag sub-encoding to TS1/0 on input line 386.
Package textcomp Info: Setting qbk sub-encoding to TS1/0 on input line 387.
Package textcomp Info: Setting qcr sub-encoding to TS1/0 on input line 388.
Package textcomp Info: Setting qcs sub-encoding to TS1/0 on input line 389.
Package textcomp Info: Setting qpl sub-encoding to TS1/0 on input line 390.
Package textcomp Info: Setting qtm sub-encoding to TS1/0 on input line 391.
Package textcomp Info: Setting qzc sub-encoding to TS1/0 on input line 392.
Package textcomp Info: Setting qhvc sub-encoding to TS1/0 on input line 393.
Package textcomp Info: Setting futs sub-encoding to TS1/4 on input line 394.
Package textcomp Info: Setting futx sub-encoding to TS1/4 on input line 395.
Package textcomp Info: Setting futj sub-encoding to TS1/4 on input line 396.
Package textcomp Info: Setting hlh sub-encoding to TS1/3 on input line 397.
Package textcomp Info: Setting hls sub-encoding to TS1/3 on input line 398.
Package textcomp Info: Setting hlst sub-encoding to TS1/3 on input line 399.
Package textcomp Info: Setting hlct sub-encoding to TS1/5 on input line 400.
Package textcomp Info: Setting hlx sub-encoding to TS1/5 on input line 401.
Package textcomp Info: Setting hlce sub-encoding to TS1/5 on input line 402.
Package textcomp Info: Setting hlcn sub-encoding to TS1/5 on input line 403.
Package textcomp Info: Setting hlcw sub-encoding to TS1/5 on input line 404.
Package textcomp Info: Setting hlcf sub-encoding to TS1/5 on input line 405.
Package textcomp Info: Setting pplx sub-encoding to TS1/3 on input line 406.
Package textcomp Info: Setting pplj sub-encoding to TS1/3 on input line 407.
Package textcomp Info: Setting ptmx sub-encoding to TS1/4 on input line 408.
Package textcomp Info: Setting ptmj sub-encoding to TS1/4 on input line 409.
)) (C:\Users\greta\AppData\Roaming\MiKTeX\2.9\tex\latex\microtype\microtype.sty
Package: microtype 2016/05/14 v2.6a Micro-typographical refinements (RS)
("C:\Program Files (x86)\MiKTeX 2.9\tex\latex\graphics\keyval.sty"
Package: keyval 2014/10/28 v1.15 key=value parser (DPC)
\KV@toks@=\toks22
)
\MT@toks=\toks23
\MT@count=\count100
LaTeX Info: Redefining \textls on input line 774.
\MT@outer@kern=\dimen112
LaTeX Info: Redefining \textmicrotypecontext on input line 1310.
\MT@listname@count=\count101

(C:\Users\greta\AppData\Roaming\MiKTeX\2.9\tex\latex\microtype\microtype-pdftex
.def
File: microtype-pdftex.def 2016/05/14 v2.6a Definitions specific to pdftex (RS)

LaTeX Info: Redefining \lsstyle on input line 916.
LaTeX Info: Redefining \lslig on input line 916.
\MT@outer@space=\skip46
)
Package microtype Info: Loading configuration file microtype.cfg.
(C:\Users\greta\AppData\Roaming\MiKTeX\2.9\tex\latex\microtype\microtype.cfg
File: microtype.cfg 2016/05/14 v2.6a microtype main configuration file (RS)
)) ("C:\Program Files (x86)\MiKTeX 2.9\tex\latex\geometry\geometry.sty"
Package: geometry 2010/09/12 v5.6 Page Geometry
("C:\Program Files (x86)\MiKTeX 2.9\tex\generic\oberdiek\ifpdf.sty"
Package: ifpdf 2016/05/14 v3.1 Provides the ifpdf switch
) ("C:\Program Files (x86)\MiKTeX 2.9\tex\generic\oberdiek\ifvtex.sty"
Package: ifvtex 2016/05/16 v1.6 Detect VTeX and its facilities (HO)
Package ifvtex Info: VTeX not detected.
)
\Gm@cnth=\count102
\Gm@cntv=\count103
\c@Gm@tempcnt=\count104
\Gm@bindingoffset=\dimen113
\Gm@wd@mp=\dimen114
\Gm@odd@mp=\dimen115
\Gm@even@mp=\dimen116
\Gm@layoutwidth=\dimen117
\Gm@layoutheight=\dimen118
\Gm@layouthoffset=\dimen119
\Gm@layoutvoffset=\dimen120
\Gm@dimlist=\toks24
("C:\Program Files (x86)\MiKTeX 2.9\tex\latex\geometry\geometry.cfg")) ("C:\Pro
gram Files (x86)\MiKTeX 2.9\tex\latex\hyperref\hyperref.sty"
Package: hyperref 2016/06/24 v6.83q Hypertext links for LaTeX
("C:\Program Files (x86)\MiKTeX 2.9\tex\generic\oberdiek\hobsub-hyperref.sty"
Package: hobsub-hyperref 2016/05/16 v1.14 Bundle oberdiek, subset hyperref (HO)

("C:\Program Files (x86)\MiKTeX 2.9\tex\generic\oberdiek\hobsub-generic.sty"
Package: hobsub-generic 2016/05/16 v1.14 Bundle oberdiek, subset generic (HO)
Package: hobsub 2016/05/16 v1.14 Construct package bundles (HO)
Package: infwarerr 2016/05/16 v1.4 Providing info/warning/error messages (HO)
Package: ltxcmds 2016/05/16 v1.23 LaTeX kernel commands for general use (HO)
Package hobsub Info: Skipping package `ifluatex' (already loaded).
Package hobsub Info: Skipping package `ifvtex' (already loaded).
Package: intcalc 2016/05/16 v1.2 Expandable calculations with integers (HO)
Package hobsub Info: Skipping package `ifpdf' (already loaded).
Package: etexcmds 2016/05/16 v1.6 Avoid name clashes with e-TeX commands (HO)
Package etexcmds Info: Could not find \expanded.
(etexcmds)             That can mean that you are not using pdfTeX 1.50 or
(etexcmds)             that some package has redefined \expanded.
(etexcmds)             In the latter case, load this package earlier.
Package: kvsetkeys 2016/05/16 v1.17 Key value parser (HO)
Package: kvdefinekeys 2016/05/16 v1.4 Define keys (HO)
Package: pdftexcmds 2016/05/21 v0.22 Utility functions of pdfTeX for LuaTeX (HO
)
Package pdftexcmds Info: LuaTeX not detected.
Package pdftexcmds Info: \pdf@primitive is available.
Package pdftexcmds Info: \pdf@ifprimitive is available.
Package pdftexcmds Info: \pdfdraftmode found.
Package: pdfescape 2016/05/16 v1.14 Implements pdfTeX's escape features (HO)
Package: bigintcalc 2016/05/16 v1.4 Expandable calculations on big integers (HO
)
Package: bitset 2016/05/16 v1.2 Handle bit-vector datatype (HO)
Package: uniquecounter 2016/05/16 v1.3 Provide unlimited unique counter (HO)
)
Package hobsub Info: Skipping package `hobsub' (already loaded).
Package: letltxmacro 2016/05/16 v1.5 Let assignment for LaTeX macros (HO)
Package: hopatch 2016/05/16 v1.3 Wrapper for package hooks (HO)
Package: xcolor-patch 2016/05/16 xcolor patch
Package: atveryend 2016/05/16 v1.9 Hooks at the very end of document (HO)
Package atveryend Info: \enddocument detected (standard20110627).
Package: atbegshi 2016/06/09 v1.18 At begin shipout hook (HO)
Package: refcount 2016/05/16 v3.5 Data extraction from label references (HO)
Package: hycolor 2016/05/16 v1.8 Color options for hyperref/bookmark (HO)
) ("C:\Program Files (x86)\MiKTeX 2.9\tex\latex\oberdiek\auxhook.sty"
Package: auxhook 2016/05/16 v1.4 Hooks for auxiliary files (HO)
) ("C:\Program Files (x86)\MiKTeX 2.9\tex\latex\oberdiek\kvoptions.sty"
Package: kvoptions 2016/05/16 v3.12 Key value format for package options (HO)
)
\@linkdim=\dimen121
\Hy@linkcounter=\count105
\Hy@pagecounter=\count106
("C:\Program Files (x86)\MiKTeX 2.9\tex\latex\hyperref\pd1enc.def"
File: pd1enc.def 2016/06/24 v6.83q Hyperref: PDFDocEncoding definition (HO)
Now handling font encoding PD1 ...
... no UTF-8 mapping file for font encoding PD1
)
\Hy@SavedSpaceFactor=\count107
(C:\Users\greta\AppData\Roaming\MiKTeX\2.9\tex\latex\00miktex\hyperref.cfg
File: hyperref.cfg 2002/06/06 v1.2 hyperref configuration of TeXLive
)
Package hyperref Info: Hyper figures OFF on input line 4486.
Package hyperref Info: Link nesting OFF on input line 4491.
Package hyperref Info: Hyper index ON on input line 4494.
Package hyperref Info: Plain pages OFF on input line 4501.
Package hyperref Info: Backreferencing OFF on input line 4506.
Package hyperref Info: Implicit mode ON; LaTeX internals redefined.
Package hyperref Info: Bookmarks ON on input line 4735.
\c@Hy@tempcnt=\count108
(C:\Users\greta\AppData\Roaming\MiKTeX\2.9\tex\latex\url\url.sty
\Urlmuskip=\muskip11
Package: url 2013/09/16  ver 3.4  Verb mode for urls, etc.
)
LaTeX Info: Redefining \url on input line 5088.
\XeTeXLinkMargin=\dimen122
\Fld@menulength=\count109
\Field@Width=\dimen123
\Fld@charsize=\dimen124
Package hyperref Info: Hyper figures OFF on input line 6342.
Package hyperref Info: Link nesting OFF on input line 6347.
Package hyperref Info: Hyper index ON on input line 6350.
Package hyperref Info: backreferencing OFF on input line 6357.
Package hyperref Info: Link coloring OFF on input line 6362.
Package hyperref Info: Link coloring with OCG OFF on input line 6367.
Package hyperref Info: PDF/A mode OFF on input line 6372.
LaTeX Info: Redefining \ref on input line 6412.
LaTeX Info: Redefining \pageref on input line 6416.
\Hy@abspage=\count110
\c@Item=\count111
\c@Hfootnote=\count112
)

Package hyperref Message: Driver (autodetected): hpdftex.

("C:\Program Files (x86)\MiKTeX 2.9\tex\latex\hyperref\hpdftex.def"
File: hpdftex.def 2016/06/24 v6.83q Hyperref driver for pdfTeX
\Fld@listcount=\count113
\c@bookmark@seq@number=\count114
("C:\Program Files (x86)\MiKTeX 2.9\tex\latex\oberdiek\rerunfilecheck.sty"
Package: rerunfilecheck 2016/05/16 v1.8 Rerun checks for auxiliary files (HO)
Package uniquecounter Info: New unique counter `rerunfilecheck' on input line 2
82.
)
\Hy@SectionHShift=\skip47
)
Package hyperref Info: Option `unicode' set `true' on input line 30.
("C:\Program Files (x86)\MiKTeX 2.9\tex\latex\hyperref\puenc.def"
File: puenc.def 2016/06/24 v6.83q Hyperref: PDF Unicode definition (HO)
Now handling font encoding PU ...
... no UTF-8 mapping file for font encoding PU
)
Package hyperref Info: Option `breaklinks' set `true' on input line 30.
(C:\Users\greta\AppData\Roaming\MiKTeX\2.9\tex\latex\natbib\natbib.sty
Package: natbib 2010/09/13 8.31b (PWD, AO)
\bibhang=\skip48
\bibsep=\skip49
LaTeX Info: Redefining \cite on input line 694.
\c@NAT@ctr=\count115
) ("C:\Program Files (x86)\MiKTeX 2.9\tex\latex\graphics\color.sty"
Package: color 2016/07/10 v1.1e Standard LaTeX Color (DPC)
(C:\Users\greta\AppData\Roaming\MiKTeX\2.9\tex\latex\graphics-cfg\color.cfg
File: color.cfg 2016/01/02 v1.6 sample color configuration
)
Package color Info: Driver file: pdftex.def on input line 147.
("C:\Program Files (x86)\MiKTeX 2.9\tex\latex\graphics-def\pdftex.def"
File: pdftex.def 2016/07/10 v0.06j Graphics/color for pdfTeX
\Gread@gobject=\count116
)) (C:\Users\greta\AppData\Roaming\MiKTeX\2.9\tex\latex\fancyvrb\fancyvrb.sty
Package: fancyvrb 2008/02/07

Style option: `fancyvrb' v2.7a, with DG/SPQR fixes, and firstline=lastline fix 
<2008/02/07> (tvz)
\FV@CodeLineNo=\count117
\FV@InFile=\read1
\FV@TabBox=\box28
\c@FancyVerbLine=\count118
\FV@StepNumber=\count119
\FV@OutFile=\write3
) (C:\Users\greta\AppData\Roaming\MiKTeX\2.9\tex\latex\framed\framed.sty
Package: framed 2011/10/22 v 0.96: framed or shaded text with page breaks
\OuterFrameSep=\skip50
\fb@frw=\dimen125
\fb@frh=\dimen126
\FrameRule=\dimen127
\FrameSep=\dimen128
) ("C:\Program Files (x86)\MiKTeX 2.9\tex\latex\tools\longtable.sty"
Package: longtable 2014/10/28 v4.11 Multi-page Table package (DPC)
\LTleft=\skip51
\LTright=\skip52
\LTpre=\skip53
\LTpost=\skip54
\LTchunksize=\count120
\LTcapwidth=\dimen129
\LT@head=\box29
\LT@firsthead=\box30
\LT@foot=\box31
\LT@lastfoot=\box32
\LT@cols=\count121
\LT@rows=\count122
\c@LT@tables=\count123
\c@LT@chunks=\count124
\LT@p@ftn=\toks25
) (C:\Users\greta\AppData\Roaming\MiKTeX\2.9\tex\latex\booktabs\booktabs.sty
Package: booktabs 2005/04/14 v1.61803 publication quality tables
\heavyrulewidth=\dimen130
\lightrulewidth=\dimen131
\cmidrulewidth=\dimen132
\belowrulesep=\dimen133
\belowbottomsep=\dimen134
\aboverulesep=\dimen135
\abovetopsep=\dimen136
\cmidrulesep=\dimen137
\cmidrulekern=\dimen138
\defaultaddspace=\dimen139
\@cmidla=\count125
\@cmidlb=\count126
\@aboverulesep=\dimen140
\@belowrulesep=\dimen141
\@thisruleclass=\count127
\@lastruleclass=\count128
\@thisrulewidth=\dimen142
) ("C:\Program Files (x86)\MiKTeX 2.9\tex\latex\graphics\graphicx.sty"
Package: graphicx 2014/10/28 v1.0g Enhanced LaTeX Graphics (DPC,SPQR)
("C:\Program Files (x86)\MiKTeX 2.9\tex\latex\graphics\graphics.sty"
Package: graphics 2016/07/10 v1.0t Standard LaTeX Graphics (DPC,SPQR)
("C:\Program Files (x86)\MiKTeX 2.9\tex\latex\graphics\trig.sty"
Package: trig 2016/01/03 v1.10 sin cos tan (DPC)
) (C:\Users\greta\AppData\Roaming\MiKTeX\2.9\tex\latex\graphics-cfg\graphics.cf
g
File: graphics.cfg 2016/06/04 v1.11 sample graphics configuration
)
Package graphics Info: Driver file: pdftex.def on input line 99.
)
\Gin@req@height=\dimen143
\Gin@req@width=\dimen144
) ("C:\Program Files (x86)\MiKTeX 2.9\tex\latex\oberdiek\grffile.sty"
Package: grffile 2016/05/16 v1.17 Extended file name support for graphics (HO)
Package grffile Info: Option `multidot' is set to `true'.
Package grffile Info: Option `extendedchars' is set to `false'.
Package grffile Info: Option `space' is set to `true'.
Package grffile Info: \Gin@ii of package `graphicx' fixed on input line 486.
) ("C:\Program Files (x86)\MiKTeX 2.9\tex\latex\ltxmisc\parskip.sty"
Package: parskip 2001/04/09 non-zero parskip adjustments
) (C:\Users\greta\AppData\Roaming\MiKTeX\2.9\tex\latex\titling\titling.sty
Package: titling 2009/09/04 v2.1d maketitle typesetting
\thanksmarkwidth=\skip55
\thanksmargin=\skip56
\droptitle=\skip57
) (C:\Users\greta\AppData\Roaming\MiKTeX\2.9\tex\latex\tocbibind\tocbibind.sty
Package: tocbibind 2010/10/13 v1.5k extra ToC listings
Package tocbibind Info: The document has chapter divisions on input line 50.

Package tocbibind Note: Using chapter style headings, unless overridden.

) (C:\Users\greta\AppData\Roaming\MiKTeX\2.9\tex\latex\ulem\ulem.sty
\UL@box=\box33
\UL@hyphenbox=\box34
\UL@skip=\skip58
\UL@hook=\toks26
\UL@height=\dimen145
\UL@pe=\count129
\UL@pixel=\dimen146
\ULC@box=\box35
Package: ulem 2012/05/18
\ULdepth=\dimen147
) (C:\Users\greta\AppData\Roaming\MiKTeX\2.9\tex\latex\cancel\cancel.sty
Package: cancel 2013/04/12 v2.2 Cancel math terms
) (C:\Users\greta\AppData\Roaming\MiKTeX\2.9\tex\latex\xcolor\xcolor.sty
Package: xcolor 2016/05/11 v2.12 LaTeX color extensions (UK)
(C:\Users\greta\AppData\Roaming\MiKTeX\2.9\tex\latex\graphics-cfg\color.cfg
File: color.cfg 2016/01/02 v1.6 sample color configuration
)
Package xcolor Info: Driver file: pdftex.def on input line 225.
LaTeX Info: Redefining \color on input line 709.
Package xcolor Info: Model `cmy' substituted by `cmy0' on input line 1348.
Package xcolor Info: Model `hsb' substituted by `rgb' on input line 1352.
Package xcolor Info: Model `RGB' extended on input line 1364.
Package xcolor Info: Model `HTML' substituted by `rgb' on input line 1366.
Package xcolor Info: Model `Hsb' substituted by `hsb' on input line 1367.
Package xcolor Info: Model `tHsb' substituted by `hsb' on input line 1368.
Package xcolor Info: Model `HSB' substituted by `hsb' on input line 1369.
Package xcolor Info: Model `Gray' substituted by `gray' on input line 1370.
Package xcolor Info: Model `wave' substituted by `hsb' on input line 1371.
(C:\Users\greta\AppData\Roaming\MiKTeX\2.9\tex\latex\xcolor\svgnam.def
File: svgnam.def 2016/05/11 v2.12 Predefined colors according to SVG 1.1 (UK)
)) ("C:\Program Files (x86)\MiKTeX 2.9\tex\latex\float\float.sty"
Package: float 2001/11/08 v1.3d Float enhancements (AL)
\c@float@type=\count130
\float@exts=\toks27
\float@box=\box36
\@float@everytoks=\toks28
\@floatcapt=\box37
) (C:\Users\greta\AppData\Roaming\MiKTeX\2.9\tex\latex\caption\caption.sty
Package: caption 2016/02/21 v3.3-144 Customizing captions (AR)
(C:\Users\greta\AppData\Roaming\MiKTeX\2.9\tex\latex\caption\caption3.sty
Package: caption3 2016/05/22 v1.7-166 caption3 kernel (AR)
Package caption3 Info: TeX engine: e-TeX on input line 67.
\captionmargin=\dimen148
\captionmargin@=\dimen149
\captionwidth=\dimen150
\caption@tempdima=\dimen151
\caption@indent=\dimen152
\caption@parindent=\dimen153
\caption@hangindent=\dimen154
)
\c@ContinuedFloat=\count131
Package caption Info: float package is loaded.
Package caption Info: hyperref package is loaded.
Package caption Info: longtable package is loaded.
(C:\Users\greta\AppData\Roaming\MiKTeX\2.9\tex\latex\caption\ltcaption.sty
Package: ltcaption 2013/06/09 v1.4-94 longtable captions (AR)
)) ("C:\Program Files (x86)\MiKTeX 2.9\tex\latex\amscls\amsthm.sty"
Package: amsthm 2015/03/04 v2.20.2
\thm@style=\toks29
\thm@bodyfont=\toks30
\thm@headfont=\toks31
\thm@notefont=\toks32
\thm@headpunct=\toks33
\thm@preskip=\skip59
\thm@postskip=\skip60
\thm@headsep=\skip61
\dth@everypar=\toks34
)
\c@theorem=\count132
\c@lemma=\count133
\c@definition=\count134
\c@corollary=\count135
\c@proposition=\count136
\c@example=\count137
(GreenwoodBanner.aux)
\openout1 = `GreenwoodBanner.aux'.

LaTeX Font Info:    Checking defaults for OML/cmm/m/it on input line 171.
LaTeX Font Info:    ... okay on input line 171.
LaTeX Font Info:    Checking defaults for T1/cmr/m/n on input line 171.
LaTeX Font Info:    ... okay on input line 171.
LaTeX Font Info:    Checking defaults for OT1/cmr/m/n on input line 171.
LaTeX Font Info:    ... okay on input line 171.
LaTeX Font Info:    Checking defaults for OMS/cmsy/m/n on input line 171.
LaTeX Font Info:    ... okay on input line 171.
LaTeX Font Info:    Checking defaults for OMX/cmex/m/n on input line 171.
LaTeX Font Info:    ... okay on input line 171.
LaTeX Font Info:    Checking defaults for U/cmr/m/n on input line 171.
LaTeX Font Info:    ... okay on input line 171.
LaTeX Font Info:    Checking defaults for TS1/cmr/m/n on input line 171.
LaTeX Font Info:    Try loading font information for TS1+cmr on input line 171.

("C:\Program Files (x86)\MiKTeX 2.9\tex\latex\base\ts1cmr.fd"
File: ts1cmr.fd 2014/09/29 v2.5h Standard LaTeX font definitions
)
LaTeX Font Info:    ... okay on input line 171.
LaTeX Font Info:    Checking defaults for PD1/pdf/m/n on input line 171.
LaTeX Font Info:    ... okay on input line 171.
LaTeX Font Info:    Checking defaults for PU/pdf/m/n on input line 171.
LaTeX Font Info:    ... okay on input line 171.
LaTeX Font Info:    Try loading font information for T1+lmr on input line 171.
("C:\Program Files (x86)\MiKTeX 2.9\tex\latex\lm\t1lmr.fd"
File: t1lmr.fd 2009/10/30 v1.6 Font defs for Latin Modern
)
LaTeX Info: Redefining \microtypecontext on input line 171.
Package microtype Info: Generating PDF output.
Package microtype Info: Character protrusion enabled (level 2).
Package microtype Info: Using protrusion set `basicmath'.
Package microtype Info: Automatic font expansion enabled (level 2),
(microtype)             stretch: 20, shrink: 20, step: 1, non-selected.
Package microtype Info: Using default expansion set `basictext'.
Package microtype Info: No adjustment of tracking.
Package microtype Info: No adjustment of interword spacing.
Package microtype Info: No adjustment of character kerning.
(C:\Users\greta\AppData\Roaming\MiKTeX\2.9\tex\latex\microtype\mt-cmr.cfg
File: mt-cmr.cfg 2013/05/19 v2.2 microtype config. file: Computer Modern Roman 
(RS)
)
*geometry* driver: auto-detecting
*geometry* detected driver: pdftex
*geometry* verbose mode - [ preamble ] result:
* driver: pdftex
* paper: <default>
* layout: <same size as paper>
* layoutoffset:(h,v)=(0.0pt,0.0pt)
* modes: twoside 
* h-part:(L,W,R)=(72.26999pt, 469.75502pt, 72.26999pt)
* v-part:(T,H,B)=(72.26999pt, 650.43001pt, 72.26999pt)
* \paperwidth=614.295pt
* \paperheight=794.96999pt
* \textwidth=469.75502pt
* \textheight=650.43001pt
* \oddsidemargin=0.0pt
* \evensidemargin=0.0pt
* \topmargin=-30.06749pt
* \headheight=12.0pt
* \headsep=18.06749pt
* \topskip=10.0pt
* \footskip=25.29494pt
* \marginparwidth=125.0pt
* \marginparsep=7.0pt
* \columnsep=10.0pt
* \skip\footins=9.0pt plus 4.0pt minus 2.0pt
* \hoffset=0.0pt
* \voffset=0.0pt
* \mag=1000
* \@twocolumnfalse
* \@twosidetrue
* \@mparswitchtrue
* \@reversemarginfalse
* (1in=72.27pt=25.4mm, 1cm=28.453pt)

\AtBeginShipoutBox=\box38
Package hyperref Info: Link coloring OFF on input line 171.
("C:\Program Files (x86)\MiKTeX 2.9\tex\latex\hyperref\nameref.sty"
Package: nameref 2016/05/21 v2.44 Cross-referencing by name of section
("C:\Program Files (x86)\MiKTeX 2.9\tex\generic\oberdiek\gettitlestring.sty"
Package: gettitlestring 2016/05/16 v1.5 Cleanup title references (HO)
)
\c@section@level=\count138
)
LaTeX Info: Redefining \ref on input line 171.
LaTeX Info: Redefining \pageref on input line 171.
LaTeX Info: Redefining \nameref on input line 171.
(GreenwoodBanner.out) (GreenwoodBanner.out)
\@outlinefile=\write4
\openout4 = `GreenwoodBanner.out'.

(C:\Users\greta\AppData\Roaming\MiKTeX\2.9\tex\context\base\supp-pdf.mkii
[Loading MPS to PDF converter (version 2006.09.02).]
\scratchcounter=\count139
\scratchdimen=\dimen155
\scratchbox=\box39
\nofMPsegments=\count140
\nofMParguments=\count141
\everyMPshowfont=\toks35
\MPscratchCnt=\count142
\MPscratchDim=\dimen156
\MPnumerator=\count143
\makeMPintoPDFobject=\count144
\everyMPtoPDFconversion=\toks36
) ("C:\Program Files (x86)\MiKTeX 2.9\tex\latex\oberdiek\epstopdf-base.sty"
Package: epstopdf-base 2016/05/15 v2.6 Base part for package epstopdf
("C:\Program Files (x86)\MiKTeX 2.9\tex\latex\oberdiek\grfext.sty"
Package: grfext 2016/05/16 v1.2 Manage graphics extensions (HO)
)
Package epstopdf-base Info: Redefining graphics rule for `.eps' on input line 4
38.
Package grfext Info: Graphics extension search list:
(grfext)             [.png,.pdf,.jpg,.mps,.jpeg,.jbig2,.jb2,.PNG,.PDF,.JPG,.JPE
G,.JBIG2,.JB2,.eps]
(grfext)             \AppendGraphicsExtensions on input line 456.
)
Package caption Info: Begin \AtBeginDocument code.
Package caption Info: End \AtBeginDocument code.
[1


{C:/Users/greta/AppData/Local/MiKTeX/2.9/pdftex/config/pdftex.map}] [2

] (GreenwoodBanner.toc
LaTeX Font Info:    Try loading font information for OT1+lmr on input line 3.
("C:\Program Files (x86)\MiKTeX 2.9\tex\latex\lm\ot1lmr.fd"
File: ot1lmr.fd 2009/10/30 v1.6 Font defs for Latin Modern
)
LaTeX Font Info:    Try loading font information for OML+lmm on input line 3.
("C:\Program Files (x86)\MiKTeX 2.9\tex\latex\lm\omllmm.fd"
File: omllmm.fd 2009/10/30 v1.6 Font defs for Latin Modern
)
LaTeX Font Info:    Try loading font information for OMS+lmsy on input line 3.
("C:\Program Files (x86)\MiKTeX 2.9\tex\latex\lm\omslmsy.fd"
File: omslmsy.fd 2009/10/30 v1.6 Font defs for Latin Modern
)
LaTeX Font Info:    Try loading font information for OMX+lmex on input line 3.
("C:\Program Files (x86)\MiKTeX 2.9\tex\latex\lm\omxlmex.fd"
File: omxlmex.fd 2009/10/30 v1.6 Font defs for Latin Modern
)
LaTeX Font Info:    External font `lmex10' loaded for size
(Font)              <10> on input line 3.
LaTeX Font Info:    External font `lmex10' loaded for size
(Font)              <7> on input line 3.
LaTeX Font Info:    External font `lmex10' loaded for size
(Font)              <5> on input line 3.
LaTeX Font Info:    Try loading font information for U+msa on input line 3.
("C:\Program Files (x86)\MiKTeX 2.9\tex\latex\amsfonts\umsa.fd"
File: umsa.fd 2013/01/14 v3.01 AMS symbols A
) (C:\Users\greta\AppData\Roaming\MiKTeX\2.9\tex\latex\microtype\mt-msa.cfg
File: mt-msa.cfg 2006/02/04 v1.1 microtype config. file: AMS symbols (a) (RS)
)
LaTeX Font Info:    Try loading font information for U+msb on input line 3.
("C:\Program Files (x86)\MiKTeX 2.9\tex\latex\amsfonts\umsb.fd"
File: umsb.fd 2013/01/14 v3.01 AMS symbols B
) (C:\Users\greta\AppData\Roaming\MiKTeX\2.9\tex\latex\microtype\mt-msb.cfg
File: mt-msb.cfg 2005/06/01 v1.0 microtype config. file: AMS symbols (b) (RS)
))
\tf@toc=\write5
\openout5 = `GreenwoodBanner.toc'.

[3] [4

] [5] [6

]
Chapter 1.
LaTeX Font Info:    External font `lmex10' loaded for size
(Font)              <8> on input line 270.
LaTeX Font Info:    External font `lmex10' loaded for size
(Font)              <6> on input line 270.
[7]
LaTeX Font Info:    Try loading font information for T1+lmtt on input line 596.

("C:\Program Files (x86)\MiKTeX 2.9\tex\latex\lm\t1lmtt.fd"
File: t1lmtt.fd 2009/10/30 v1.6 Font defs for Latin Modern
) [8]

Package xcolor Warning: Incompatible color definition on input line 604.

LaTeX Font Info:    Font shape `T1/lmtt/bx/n' in size <10> not available
(Font)              Font shape `T1/lmtt/b/n' tried instead on input line 606.

Package xcolor Warning: Incompatible color definition on input line 608.


Package xcolor Warning: Incompatible color definition on input line 608.


Package xcolor Warning: Incompatible color definition on input line 615.


Package xcolor Warning: Incompatible color definition on input line 620.


Package xcolor Warning: Incompatible color definition on input line 620.


Package xcolor Warning: Incompatible color definition on input line 630.


Package xcolor Warning: Incompatible color definition on input line 634.


Package xcolor Warning: Incompatible color definition on input line 634.


Package xcolor Warning: Incompatible color definition on input line 645.


Package xcolor Warning: Incompatible color definition on input line 650.


Package xcolor Warning: Incompatible color definition on input line 650.


Package xcolor Warning: Incompatible color definition on input line 669.


Package xcolor Warning: Incompatible color definition on input line 673.


Package xcolor Warning: Incompatible color definition on input line 673.

[9]

Package xcolor Warning: Incompatible color definition on input line 697.


Package xcolor Warning: Incompatible color definition on input line 701.


Package xcolor Warning: Incompatible color definition on input line 701.


Package xcolor Warning: Incompatible color definition on input line 712.


Package xcolor Warning: Incompatible color definition on input line 716.


Package xcolor Warning: Incompatible color definition on input line 716.

[10]
<02-reintroductionToStatistics_files/figure-latex/Figure2-1-1.pdf, id=154, 433.
62pt x 289.08pt>
File: 02-reintroductionToStatistics_files/figure-latex/Figure2-1-1.pdf Graphic 
file (type pdf)
<use 02-reintroductionToStatistics_files/figure-latex/Figure2-1-1.pdf>
Package pdftex.def Info: 02-reintroductionToStatistics_files/figure-latex/Figur
e2-1-1.pdf used on input line 783.
(pdftex.def)             Requested size: 433.63878pt x 289.09251pt.

Package xcolor Warning: Incompatible color definition on input line 787.


Package xcolor Warning: Incompatible color definition on input line 793.


Package xcolor Warning: Incompatible color definition on input line 793.

[11 <./02-reintroductionToStatistics_files/figure-latex/Figure2-1-1.pdf>]

Package xcolor Warning: Incompatible color definition on input line 849.


Package xcolor Warning: Incompatible color definition on input line 854.


Package xcolor Warning: Incompatible color definition on input line 854.


<02-reintroductionToStatistics_files/figure-latex/Figure2-2-1.pdf, id=168, 361.
35pt x 252.945pt>
File: 02-reintroductionToStatistics_files/figure-latex/Figure2-2-1.pdf Graphic 
file (type pdf)
<use 02-reintroductionToStatistics_files/figure-latex/Figure2-2-1.pdf>
Package pdftex.def Info: 02-reintroductionToStatistics_files/figure-latex/Figur
e2-2-1.pdf used on input line 858.
(pdftex.def)             Requested size: 361.34912pt x 252.94438pt.
[12 <./02-reintroductionToStatistics_files/figure-latex/Figure2-2-1.pdf>]

Package xcolor Warning: Incompatible color definition on input line 893.


Package xcolor Warning: Incompatible color definition on input line 900.


Package xcolor Warning: Incompatible color definition on input line 900.


<02-reintroductionToStatistics_files/figure-latex/Figure2-3-1.pdf, id=187, 361.
35pt x 252.945pt>
File: 02-reintroductionToStatistics_files/figure-latex/Figure2-3-1.pdf Graphic 
file (type pdf)
<use 02-reintroductionToStatistics_files/figure-latex/Figure2-3-1.pdf>
Package pdftex.def Info: 02-reintroductionToStatistics_files/figure-latex/Figur
e2-3-1.pdf used on input line 904.
(pdftex.def)             Requested size: 361.34912pt x 252.94438pt.

<02-reintroductionToStatistics_files/figure-latex/Figure2-4-1.pdf, id=189, 361.
35pt x 252.945pt>
File: 02-reintroductionToStatistics_files/figure-latex/Figure2-4-1.pdf Graphic 
file (type pdf)
<use 02-reintroductionToStatistics_files/figure-latex/Figure2-4-1.pdf>
Package pdftex.def Info: 02-reintroductionToStatistics_files/figure-latex/Figur
e2-4-1.pdf used on input line 931.
(pdftex.def)             Requested size: 361.34912pt x 252.94438pt.

Package xcolor Warning: Incompatible color definition on input line 935.


Package xcolor Warning: Incompatible color definition on input line 939.


Package xcolor Warning: Incompatible color definition on input line 939.

[13 <./02-reintroductionToStatistics_files/figure-latex/Figure2-3-1.pdf>]
<02-reintroductionToStatistics_files/figure-latex/Figure2-5-1.pdf, id=212, 361.
35pt x 252.945pt>
File: 02-reintroductionToStatistics_files/figure-latex/Figure2-5-1.pdf Graphic 
file (type pdf)
<use 02-reintroductionToStatistics_files/figure-latex/Figure2-5-1.pdf>
Package pdftex.def Info: 02-reintroductionToStatistics_files/figure-latex/Figur
e2-5-1.pdf used on input line 997.
(pdftex.def)             Requested size: 361.34912pt x 252.94438pt.

Package xcolor Warning: Incompatible color definition on input line 1002.


Package xcolor Warning: Incompatible color definition on input line 1007.


Package xcolor Warning: Incompatible color definition on input line 1007.

[14 <./02-reintroductionToStatistics_files/figure-latex/Figure2-4-1.pdf>]

Package xcolor Warning: Incompatible color definition on input line 1032.


Package xcolor Warning: Incompatible color definition on input line 1036.


Package xcolor Warning: Incompatible color definition on input line 1036.


Package xcolor Warning: Incompatible color definition on input line 1043.


Package xcolor Warning: Incompatible color definition on input line 1047.


Package xcolor Warning: Incompatible color definition on input line 1047.


Package xcolor Warning: Incompatible color definition on input line 1057.


Package xcolor Warning: Incompatible color definition on input line 1061.


Package xcolor Warning: Incompatible color definition on input line 1061.

[15 <./02-reintroductionToStatistics_files/figure-latex/Figure2-5-1.pdf>]

Package xcolor Warning: Incompatible color definition on input line 1124.


Package xcolor Warning: Incompatible color definition on input line 1129.


Package xcolor Warning: Incompatible color definition on input line 1129.


Package xcolor Warning: Incompatible color definition on input line 1149.


Package xcolor Warning: Incompatible color definition on input line 1153.


Package xcolor Warning: Incompatible color definition on input line 1153.

[16]

Package xcolor Warning: Incompatible color definition on input line 1167.


Package xcolor Warning: Incompatible color definition on input line 1171.


Package xcolor Warning: Incompatible color definition on input line 1171.


Package xcolor Warning: Incompatible color definition on input line 1191.


Package xcolor Warning: Incompatible color definition on input line 1195.


Package xcolor Warning: Incompatible color definition on input line 1195.


Package xcolor Warning: Incompatible color definition on input line 1210.


Package xcolor Warning: Incompatible color definition on input line 1214.


Package xcolor Warning: Incompatible color definition on input line 1214.


Package xcolor Warning: Incompatible color definition on input line 1227.


Package xcolor Warning: Incompatible color definition on input line 1231.


Package xcolor Warning: Incompatible color definition on input line 1231.


Package xcolor Warning: Incompatible color definition on input line 1237.


Package xcolor Warning: Incompatible color definition on input line 1241.


Package xcolor Warning: Incompatible color definition on input line 1241.


Package xcolor Warning: Incompatible color definition on input line 1256.


Package xcolor Warning: Incompatible color definition on input line 1261.


Package xcolor Warning: Incompatible color definition on input line 1261.


<02-reintroductionToStatistics_files/figure-latex/Figure2-6-1.pdf, id=242, 415.
5525pt x 271.0125pt>
File: 02-reintroductionToStatistics_files/figure-latex/Figure2-6-1.pdf Graphic 
file (type pdf)
<use 02-reintroductionToStatistics_files/figure-latex/Figure2-6-1.pdf>
Package pdftex.def Info: 02-reintroductionToStatistics_files/figure-latex/Figur
e2-6-1.pdf used on input line 1277.
(pdftex.def)             Requested size: 415.56416pt x 271.0201pt.

Package xcolor Warning: Incompatible color definition on input line 1282.


Package xcolor Warning: Incompatible color definition on input line 1288.


Package xcolor Warning: Incompatible color definition on input line 1288.

[17]

Package xcolor Warning: Incompatible color definition on input line 1304.


Package xcolor Warning: Incompatible color definition on input line 1308.


Package xcolor Warning: Incompatible color definition on input line 1308.


Package xcolor Warning: Incompatible color definition on input line 1315.


Package xcolor Warning: Incompatible color definition on input line 1319.


Package xcolor Warning: Incompatible color definition on input line 1319.


Underfull \vbox (badness 2452) has occurred while \output is active []

[18 <./02-reintroductionToStatistics_files/figure-latex/Figure2-6-1.pdf>]
LaTeX Font Info:    Try loading font information for TS1+lmr on input line 1358
.
("C:\Program Files (x86)\MiKTeX 2.9\tex\latex\lm\ts1lmr.fd"
File: ts1lmr.fd 2009/10/30 v1.6 Font defs for Latin Modern
) <chapter1_files/image015.png, id=264, 722.7pt x 360.59718pt>
File: chapter1_files/image015.png Graphic file (type png)
<use chapter1_files/image015.png>
Package pdftex.def Info: chapter1_files/image015.png used on input line 1406.
(pdftex.def)             Requested size: 469.76045pt x 234.39088pt.

Package xcolor Warning: Incompatible color definition on input line 1444.

[19]

Package xcolor Warning: Incompatible color definition on input line 1448.


Package xcolor Warning: Incompatible color definition on input line 1448.


Package xcolor Warning: Incompatible color definition on input line 1450.


Package xcolor Warning: Incompatible color definition on input line 1455.


Package xcolor Warning: Incompatible color definition on input line 1455.

[20 <./chapter1_files/image015.png>]
Underfull \vbox (badness 10000) has occurred while \output is active []

[21]

Package xcolor Warning: Incompatible color definition on input line 1574.


Package xcolor Warning: Incompatible color definition on input line 1578.


Package xcolor Warning: Incompatible color definition on input line 1578.


Package xcolor Warning: Incompatible color definition on input line 1585.


Package xcolor Warning: Incompatible color definition on input line 1589.


Package xcolor Warning: Incompatible color definition on input line 1589.


<02-reintroductionToStatistics_files/figure-latex/Figure2-8-1.pdf, id=289, 505.
89pt x 252.945pt>
File: 02-reintroductionToStatistics_files/figure-latex/Figure2-8-1.pdf Graphic 
file (type pdf)
<use 02-reintroductionToStatistics_files/figure-latex/Figure2-8-1.pdf>
Package pdftex.def Info: 02-reintroductionToStatistics_files/figure-latex/Figur
e2-8-1.pdf used on input line 1601.
(pdftex.def)             Requested size: 469.76265pt x 234.88133pt.
[22 <./02-reintroductionToStatistics_files/figure-latex/Figure2-8-1.pdf>]

Package xcolor Warning: Incompatible color definition on input line 1692.

[23]

Package xcolor Warning: Incompatible color definition on input line 1698.


Package xcolor Warning: Incompatible color definition on input line 1698.


Package xcolor Warning: Incompatible color definition on input line 1703.


Package xcolor Warning: Incompatible color definition on input line 1711.


Package xcolor Warning: Incompatible color definition on input line 1711.


Package xcolor Warning: Incompatible color definition on input line 1721.


Package xcolor Warning: Incompatible color definition on input line 1726.


Package xcolor Warning: Incompatible color definition on input line 1726.


Package xcolor Warning: Incompatible color definition on input line 1736.


Package xcolor Warning: Incompatible color definition on input line 1744.


Package xcolor Warning: Incompatible color definition on input line 1744.


Package xcolor Warning: Incompatible color definition on input line 1766.


Package xcolor Warning: Incompatible color definition on input line 1771.


Package xcolor Warning: Incompatible color definition on input line 1771.


Package xcolor Warning: Incompatible color definition on input line 1784.


Package xcolor Warning: Incompatible color definition on input line 1791.


Package xcolor Warning: Incompatible color definition on input line 1791.


Package xcolor Warning: Incompatible color definition on input line 1791.

[24]

Package xcolor Warning: Incompatible color definition on input line 1791.


Package xcolor Warning: Incompatible color definition on input line 1791.


<02-reintroductionToStatistics_files/figure-latex/Figure2-9-1.pdf, id=314, 433.
62pt x 252.945pt>
File: 02-reintroductionToStatistics_files/figure-latex/Figure2-9-1.pdf Graphic 
file (type pdf)
<use 02-reintroductionToStatistics_files/figure-latex/Figure2-9-1.pdf>
Package pdftex.def Info: 02-reintroductionToStatistics_files/figure-latex/Figur
e2-9-1.pdf used on input line 1823.
(pdftex.def)             Requested size: 433.62555pt x 252.94823pt.

Package xcolor Warning: Incompatible color definition on input line 1828.


Package xcolor Warning: Incompatible color definition on input line 1839.


Package xcolor Warning: Incompatible color definition on input line 1839.


Package xcolor Warning: Incompatible color definition on input line 1841.


Underfull \vbox (badness 1331) has occurred while \output is active []

[25 <./02-reintroductionToStatistics_files/figure-latex/Figure2-9-1.pdf>]

Package xcolor Warning: Incompatible color definition on input line 1845.


Package xcolor Warning: Incompatible color definition on input line 1845.


<02-reintroductionToStatistics_files/figure-latex/Figure2-10-1.pdf, id=330, 433
.62pt x 252.945pt>
File: 02-reintroductionToStatistics_files/figure-latex/Figure2-10-1.pdf Graphic
 file (type pdf)
<use 02-reintroductionToStatistics_files/figure-latex/Figure2-10-1.pdf>
Package pdftex.def Info: 02-reintroductionToStatistics_files/figure-latex/Figur
e2-10-1.pdf used on input line 1873.
(pdftex.def)             Requested size: 433.62555pt x 252.94823pt.

Package xcolor Warning: Incompatible color definition on input line 1879.


Package xcolor Warning: Incompatible color definition on input line 1888.


Package xcolor Warning: Incompatible color definition on input line 1888.


Package xcolor Warning: Incompatible color definition on input line 1900.


Package xcolor Warning: Incompatible color definition on input line 1904.


Package xcolor Warning: Incompatible color definition on input line 1904.

[26 <./02-reintroductionToStatistics_files/figure-latex/Figure2-10-1.pdf>]

Package xcolor Warning: Incompatible color definition on input line 1947.


Package xcolor Warning: Incompatible color definition on input line 1951.


Package xcolor Warning: Incompatible color definition on input line 1951.


<02-reintroductionToStatistics_files/figure-latex/Figure2-11-1.pdf, id=345, 433
.62pt x 252.945pt>
File: 02-reintroductionToStatistics_files/figure-latex/Figure2-11-1.pdf Graphic
 file (type pdf)
<use 02-reintroductionToStatistics_files/figure-latex/Figure2-11-1.pdf>
Package pdftex.def Info: 02-reintroductionToStatistics_files/figure-latex/Figur
e2-11-1.pdf used on input line 1968.
(pdftex.def)             Requested size: 433.62555pt x 252.94823pt.

Package xcolor Warning: Incompatible color definition on input line 1974.

[27 <./02-reintroductionToStatistics_files/figure-latex/Figure2-11-1.pdf>]

Package xcolor Warning: Incompatible color definition on input line 1982.


Package xcolor Warning: Incompatible color definition on input line 1982.


Package xcolor Warning: Incompatible color definition on input line 2000.


Package xcolor Warning: Incompatible color definition on input line 2004.


Package xcolor Warning: Incompatible color definition on input line 2004.

[28] [29] [30] [31]
Underfull \vbox (badness 10000) detected at line 2463
 []

[32]

Package xcolor Warning: Incompatible color definition on input line 2534.


Package xcolor Warning: Incompatible color definition on input line 2540.


Package xcolor Warning: Incompatible color definition on input line 2540.


Package xcolor Warning: Incompatible color definition on input line 2547.


Package xcolor Warning: Incompatible color definition on input line 2555.


Package xcolor Warning: Incompatible color definition on input line 2555.


Package xcolor Warning: Incompatible color definition on input line 2562.


Package xcolor Warning: Incompatible color definition on input line 2569.


Package xcolor Warning: Incompatible color definition on input line 2569.


<02-reintroductionToStatistics_files/figure-latex/Figure2-12-1.pdf, id=400, 433
.62pt x 252.945pt>
File: 02-reintroductionToStatistics_files/figure-latex/Figure2-12-1.pdf Graphic
 file (type pdf)
<use 02-reintroductionToStatistics_files/figure-latex/Figure2-12-1.pdf>
Package pdftex.def Info: 02-reintroductionToStatistics_files/figure-latex/Figur
e2-12-1.pdf used on input line 2575.
(pdftex.def)             Requested size: 433.62555pt x 252.94823pt.
[33] <chapter1_files/image045small.png, id=407, 361.35pt x 252.945pt>
File: chapter1_files/image045small.png Graphic file (type png)
<use chapter1_files/image045small.png>
Package pdftex.def Info: chapter1_files/image045small.png used on input line 26
13.
(pdftex.def)             Requested size: 361.34912pt x 252.94438pt.

Package xcolor Warning: Incompatible color definition on input line 2631.


Package xcolor Warning: Incompatible color definition on input line 2635.


Package xcolor Warning: Incompatible color definition on input line 2635.

<chapter1_files/image047small.png, id=409, 361.35pt x 252.945pt>
File: chapter1_files/image047small.png Graphic file (type png)
<use chapter1_files/image047small.png>
Package pdftex.def Info: chapter1_files/image047small.png used on input line 26
64.
(pdftex.def)             Requested size: 361.34912pt x 252.94438pt.
[34 <./02-reintroductionToStatistics_files/figure-latex/Figure2-12-1.pdf>]

Package xcolor Warning: Incompatible color definition on input line 2684.


Package xcolor Warning: Incompatible color definition on input line 2688.


Package xcolor Warning: Incompatible color definition on input line 2688.


Package xcolor Warning: Incompatible color definition on input line 2697.


Package xcolor Warning: Incompatible color definition on input line 2701.


Package xcolor Warning: Incompatible color definition on input line 2701.


Package xcolor Warning: Incompatible color definition on input line 2711.


Package xcolor Warning: Incompatible color definition on input line 2715.


Package xcolor Warning: Incompatible color definition on input line 2715.

[35 <./chapter1_files/image045small.png>] [36 <./chapter1_files/image047small.p
ng>]

Package xcolor Warning: Incompatible color definition on input line 2810.


Package xcolor Warning: Incompatible color definition on input line 2817.


Package xcolor Warning: Incompatible color definition on input line 2817.


Package xcolor Warning: Incompatible color definition on input line 2824.


Package xcolor Warning: Incompatible color definition on input line 2828.


Package xcolor Warning: Incompatible color definition on input line 2828.


<02-reintroductionToStatistics_files/figure-latex/Figure2-15-1.pdf, id=440, 361
.35pt x 252.945pt>
File: 02-reintroductionToStatistics_files/figure-latex/Figure2-15-1.pdf Graphic
 file (type pdf)
<use 02-reintroductionToStatistics_files/figure-latex/Figure2-15-1.pdf>
Package pdftex.def Info: 02-reintroductionToStatistics_files/figure-latex/Figur
e2-15-1.pdf used on input line 2841.
(pdftex.def)             Requested size: 361.34912pt x 252.94438pt.

Package xcolor Warning: Incompatible color definition on input line 2846.

[37 <./02-reintroductionToStatistics_files/figure-latex/Figure2-15-1.pdf>]

Package xcolor Warning: Incompatible color definition on input line 2852.


Package xcolor Warning: Incompatible color definition on input line 2852.


Package xcolor Warning: Incompatible color definition on input line 2861.


Package xcolor Warning: Incompatible color definition on input line 2865.


Package xcolor Warning: Incompatible color definition on input line 2865.


Package xcolor Warning: Incompatible color definition on input line 2874.


Package xcolor Warning: Incompatible color definition on input line 2878.


Package xcolor Warning: Incompatible color definition on input line 2878.


Package xcolor Warning: Incompatible color definition on input line 2904.


Package xcolor Warning: Incompatible color definition on input line 2913.


Package xcolor Warning: Incompatible color definition on input line 2913.


<02-reintroductionToStatistics_files/figure-latex/Figure2-16-1.pdf, id=452, 433
.62pt x 252.945pt>
File: 02-reintroductionToStatistics_files/figure-latex/Figure2-16-1.pdf Graphic
 file (type pdf)
<use 02-reintroductionToStatistics_files/figure-latex/Figure2-16-1.pdf>
Package pdftex.def Info: 02-reintroductionToStatistics_files/figure-latex/Figur
e2-16-1.pdf used on input line 2920.
(pdftex.def)             Requested size: 433.62555pt x 252.94823pt.

Package xcolor Warning: Incompatible color definition on input line 2925.


Package xcolor Warning: Incompatible color definition on input line 2933.


Package xcolor Warning: Incompatible color definition on input line 2933.

[38] [39 <./02-reintroductionToStatistics_files/figure-latex/Figure2-16-1.pdf>]
[40]

Package xcolor Warning: Incompatible color definition on input line 3101.


Package xcolor Warning: Incompatible color definition on input line 3106.


Package xcolor Warning: Incompatible color definition on input line 3106.


Package xcolor Warning: Incompatible color definition on input line 3126.


Package xcolor Warning: Incompatible color definition on input line 3131.


Package xcolor Warning: Incompatible color definition on input line 3131.


<02-reintroductionToStatistics_files/figure-latex/Figure2-17-1.pdf, id=483, 361
.35pt x 252.945pt>
File: 02-reintroductionToStatistics_files/figure-latex/Figure2-17-1.pdf Graphic
 file (type pdf)
<use 02-reintroductionToStatistics_files/figure-latex/Figure2-17-1.pdf>
Package pdftex.def Info: 02-reintroductionToStatistics_files/figure-latex/Figur
e2-17-1.pdf used on input line 3154.
(pdftex.def)             Requested size: 361.34912pt x 252.94438pt.
[41 <./02-reintroductionToStatistics_files/figure-latex/Figure2-17-1.pdf>]

Package xcolor Warning: Incompatible color definition on input line 3180.


Package xcolor Warning: Incompatible color definition on input line 3185.


Package xcolor Warning: Incompatible color definition on input line 3185.


Package xcolor Warning: Incompatible color definition on input line 3192.


Package xcolor Warning: Incompatible color definition on input line 3201.


Package xcolor Warning: Incompatible color definition on input line 3201.


<02-reintroductionToStatistics_files/figure-latex/Figure2-18-1.pdf, id=496, 433
.62pt x 252.945pt>
File: 02-reintroductionToStatistics_files/figure-latex/Figure2-18-1.pdf Graphic
 file (type pdf)
<use 02-reintroductionToStatistics_files/figure-latex/Figure2-18-1.pdf>
Package pdftex.def Info: 02-reintroductionToStatistics_files/figure-latex/Figur
e2-18-1.pdf used on input line 3216.
(pdftex.def)             Requested size: 433.62555pt x 252.94823pt.

Package xcolor Warning: Incompatible color definition on input line 3222.

[42 <./02-reintroductionToStatistics_files/figure-latex/Figure2-18-1.pdf>]

Package xcolor Warning: Incompatible color definition on input line 3229.


Package xcolor Warning: Incompatible color definition on input line 3229.


Package xcolor Warning: Incompatible color definition on input line 3261.


Package xcolor Warning: Incompatible color definition on input line 3265.


Package xcolor Warning: Incompatible color definition on input line 3265.


Package xcolor Warning: Incompatible color definition on input line 3272.


Package xcolor Warning: Incompatible color definition on input line 3276.


Package xcolor Warning: Incompatible color definition on input line 3276.


Package xcolor Warning: Incompatible color definition on input line 3292.


Package xcolor Warning: Incompatible color definition on input line 3297.


Package xcolor Warning: Incompatible color definition on input line 3297.


<02-reintroductionToStatistics_files/figure-latex/Figure2-19-1.pdf, id=512, 433
.62pt x 252.945pt>
File: 02-reintroductionToStatistics_files/figure-latex/Figure2-19-1.pdf Graphic
 file (type pdf)
<use 02-reintroductionToStatistics_files/figure-latex/Figure2-19-1.pdf>
Package pdftex.def Info: 02-reintroductionToStatistics_files/figure-latex/Figur
e2-19-1.pdf used on input line 3313.
(pdftex.def)             Requested size: 433.62555pt x 252.94823pt.

Package xcolor Warning: Incompatible color definition on input line 3318.


Package xcolor Warning: Incompatible color definition on input line 3326.


Package xcolor Warning: Incompatible color definition on input line 3326.

[43]

Package xcolor Warning: Incompatible color definition on input line 3362.


Package xcolor Warning: Incompatible color definition on input line 3366.


Package xcolor Warning: Incompatible color definition on input line 3366.

[44 <./02-reintroductionToStatistics_files/figure-latex/Figure2-19-1.pdf>]

Package xcolor Warning: Incompatible color definition on input line 3417.


Package xcolor Warning: Incompatible color definition on input line 3426.


Package xcolor Warning: Incompatible color definition on input line 3426.


<02-reintroductionToStatistics_files/figure-latex/Figure2-20-1.pdf, id=531, 361
.35pt x 252.945pt>
File: 02-reintroductionToStatistics_files/figure-latex/Figure2-20-1.pdf Graphic
 file (type pdf)
<use 02-reintroductionToStatistics_files/figure-latex/Figure2-20-1.pdf>
Package pdftex.def Info: 02-reintroductionToStatistics_files/figure-latex/Figur
e2-20-1.pdf used on input line 3430.
(pdftex.def)             Requested size: 361.34912pt x 252.94438pt.
[45 <./02-reintroductionToStatistics_files/figure-latex/Figure2-20-1.pdf>]

Package xcolor Warning: Incompatible color definition on input line 3450.


Package xcolor Warning: Incompatible color definition on input line 3454.


Package xcolor Warning: Incompatible color definition on input line 3454.


Package xcolor Warning: Incompatible color definition on input line 3464.


Package xcolor Warning: Incompatible color definition on input line 3468.


Package xcolor Warning: Incompatible color definition on input line 3468.


Package xcolor Warning: Incompatible color definition on input line 3499.


Package xcolor Warning: Incompatible color definition on input line 3503.


Package xcolor Warning: Incompatible color definition on input line 3503.


Package xcolor Warning: Incompatible color definition on input line 3514.


Package xcolor Warning: Incompatible color definition on input line 3519.


Package xcolor Warning: Incompatible color definition on input line 3519.


Package xcolor Warning: Incompatible color definition on input line 3528.


Package xcolor Warning: Incompatible color definition on input line 3532.


Package xcolor Warning: Incompatible color definition on input line 3532.


Package xcolor Warning: Incompatible color definition on input line 3545.


Package xcolor Warning: Incompatible color definition on input line 3549.


Package xcolor Warning: Incompatible color definition on input line 3549.

[46]

Package xcolor Warning: Incompatible color definition on input line 3564.


Package xcolor Warning: Incompatible color definition on input line 3568.


Package xcolor Warning: Incompatible color definition on input line 3568.


Package xcolor Warning: Incompatible color definition on input line 3579.


Package xcolor Warning: Incompatible color definition on input line 3584.


Package xcolor Warning: Incompatible color definition on input line 3584.


Package xcolor Warning: Incompatible color definition on input line 3592.


Package xcolor Warning: Incompatible color definition on input line 3596.


Package xcolor Warning: Incompatible color definition on input line 3596.


Package xcolor Warning: Incompatible color definition on input line 3604.


Package xcolor Warning: Incompatible color definition on input line 3608.


Package xcolor Warning: Incompatible color definition on input line 3608.


Package xcolor Warning: Incompatible color definition on input line 3620.


Package xcolor Warning: Incompatible color definition on input line 3624.


Package xcolor Warning: Incompatible color definition on input line 3624.


Package xcolor Warning: Incompatible color definition on input line 3653.


Package xcolor Warning: Incompatible color definition on input line 3657.


Package xcolor Warning: Incompatible color definition on input line 3657.


Package xcolor Warning: Incompatible color definition on input line 3663.


Package xcolor Warning: Incompatible color definition on input line 3667.


Package xcolor Warning: Incompatible color definition on input line 3667.


Package xcolor Warning: Incompatible color definition on input line 3673.

[47]

Package xcolor Warning: Incompatible color definition on input line 3677.


Package xcolor Warning: Incompatible color definition on input line 3677.


Package xcolor Warning: Incompatible color definition on input line 3693.


Package xcolor Warning: Incompatible color definition on input line 3697.


Package xcolor Warning: Incompatible color definition on input line 3697.


Package xcolor Warning: Incompatible color definition on input line 3737.


Package xcolor Warning: Incompatible color definition on input line 3741.


Package xcolor Warning: Incompatible color definition on input line 3741.


Package xcolor Warning: Incompatible color definition on input line 3748.


Package xcolor Warning: Incompatible color definition on input line 3758.


Package xcolor Warning: Incompatible color definition on input line 3758.


Package xcolor Warning: Incompatible color definition on input line 3765.


Package xcolor Warning: Incompatible color definition on input line 3769.


Package xcolor Warning: Incompatible color definition on input line 3769.


Package xcolor Warning: Incompatible color definition on input line 3776.

[48]

Package xcolor Warning: Incompatible color definition on input line 3781.


Package xcolor Warning: Incompatible color definition on input line 3781.


<02-reintroductionToStatistics_files/figure-latex/Figure2-21-1.pdf, id=568, 433
.62pt x 252.945pt>
File: 02-reintroductionToStatistics_files/figure-latex/Figure2-21-1.pdf Graphic
 file (type pdf)
<use 02-reintroductionToStatistics_files/figure-latex/Figure2-21-1.pdf>
Package pdftex.def Info: 02-reintroductionToStatistics_files/figure-latex/Figur
e2-21-1.pdf used on input line 3801.
(pdftex.def)             Requested size: 433.62555pt x 252.94823pt.

Package xcolor Warning: Incompatible color definition on input line 3808.


Package xcolor Warning: Incompatible color definition on input line 3818.


Package xcolor Warning: Incompatible color definition on input line 3818.

[49 <./02-reintroductionToStatistics_files/figure-latex/Figure2-21-1.pdf>]

LaTeX Warning: Reference `chapter3' on page 50 undefined on input line 3875.

[50] [51] (GreenwoodBanner.bbl [52]
Chapter 2.
)
Package atveryend Info: Empty hook `BeforeClearDocument' on input line 4083.
[53

]
Package atveryend Info: Empty hook `AfterLastShipout' on input line 4083.
(GreenwoodBanner.aux)
Package atveryend Info: Executing hook `AtVeryEndDocument' on input line 4083.
Package atveryend Info: Executing hook `AtEndAfterFileList' on input line 4083.

Package rerunfilecheck Info: File `GreenwoodBanner.out' has not changed.
(rerunfilecheck)             Checksum: 1F150E0271D9E97FE9DFCC42817F7CA7;3464.

LaTeX Warning: There were undefined references.

Package atveryend Info: Empty hook `AtVeryVeryEnd' on input line 4083.
 ) 
Here is how much of TeX's memory you used:
 15831 strings out of 493366
 235098 string characters out of 3137241
 364606 words of memory out of 3000000
 18750 multiletter control sequences out of 15000+200000
 117828 words of font info for 176 fonts, out of 3000000 for 9000
 1127 hyphenation exceptions out of 8191
 36i,9n,49p,536b,489s stack positions out of 5000i,500n,10000p,200000b,50000s
{C:/Program Files (x86)/MiKTeX 2.9/fonts/enc/dvips/lm/lm-ec.enc}{C:/Program F
iles (x86)/MiKTeX 2.9/fonts/enc/dvips/lm/lm-rm.enc}{C:/Program Files (x86)/MiKT
eX 2.9/fonts/enc/dvips/lm/lm-mathex.enc}{C:/Program Files (x86)/MiKTeX 2.9/font
s/enc/dvips/lm/lm-mathsy.enc}{C:/Program Files (x86)/MiKTeX 2.9/fonts/enc/dvips
/lm/lm-ts1.enc}{C:/Program Files (x86)/MiKTeX 2.9/fonts/enc/dvips/lm/lm-mathit.
enc}<C:/Program Files (x86)/MiKTeX 2.9/fonts/type1/public/lm/lmbx10.pfb><C:/Pro
gram Files (x86)/MiKTeX 2.9/fonts/type1/public/lm/lmbx12.pfb><C:/Program Files 
(x86)/MiKTeX 2.9/fonts/type1/public/lm/lmbx7.pfb><C:/Program Files (x86)/MiKTeX
 2.9/fonts/type1/public/lm/lmbx8.pfb><C:/Program Files (x86)/MiKTeX 2.9/fonts/t
ype1/public/lm/lmbxi10.pfb><C:/Program Files (x86)/MiKTeX 2.9/fonts/type1/publi
c/lm/lmex10.pfb><C:/Program Files (x86)/MiKTeX 2.9/fonts/type1/public/lm/lmmi10
.pfb><C:/Program Files (x86)/MiKTeX 2.9/fonts/type1/public/lm/lmmi7.pfb><C:/Pro
gram Files (x86)/MiKTeX 2.9/fonts/type1/public/lm/lmmib10.pfb><C:/Program Files
 (x86)/MiKTeX 2.9/fonts/type1/public/lm/lmr10.pfb><C:/Program Files (x86)/MiKTe
X 2.9/fonts/type1/public/lm/lmr17.pfb><C:/Program Files (x86)/MiKTeX 2.9/fonts/
type1/public/lm/lmr5.pfb><C:/Program Files (x86)/MiKTeX 2.9/fonts/type1/public/
lm/lmr6.pfb><C:/Program Files (x86)/MiKTeX 2.9/fonts/type1/public/lm/lmr7.pfb><
C:/Program Files (x86)/MiKTeX 2.9/fonts/type1/public/lm/lmr8.pfb><C:/Program Fi
les (x86)/MiKTeX 2.9/fonts/type1/public/lm/lmri10.pfb><C:/Program Files (x86)/M
iKTeX 2.9/fonts/type1/public/lm/lmri12.pfb><C:/Program Files (x86)/MiKTeX 2.9/f
onts/type1/public/lm/lmri8.pfb><C:/Program Files (x86)/MiKTeX 2.9/fonts/type1/p
ublic/lm/lmro10.pfb><C:/Program Files (x86)/MiKTeX 2.9/fonts/type1/public/lm/lm
sy10.pfb><C:/Program Files (x86)/MiKTeX 2.9/fonts/type1/public/lm/lmsy5.pfb><C:
/Program Files (x86)/MiKTeX 2.9/fonts/type1/public/lm/lmsy7.pfb><C:/Program Fil
es (x86)/MiKTeX 2.9/fonts/type1/public/lm/lmsy8.pfb><C:/Program Files (x86)/MiK
TeX 2.9/fonts/type1/public/lm/lmtk10.pfb><C:/Program Files (x86)/MiKTeX 2.9/fon
ts/type1/public/lm/lmtt10.pfb><C:/Program Files (x86)/MiKTeX 2.9/fonts/type1/pu
blic/lm/lmtt8.pfb><C:/Program Files (x86)/MiKTeX 2.9/fonts/type1/public/lm/lmtt
9.pfb><C:/Program Files (x86)/MiKTeX 2.9/fonts/type1/public/lm/lmtti10.pfb>
Output written on GreenwoodBanner.pdf (53 pages, 949271 bytes).
PDF statistics:
 728 PDF objects out of 1000 (max. 8388607)
 140 named destinations out of 1000 (max. 500000)
 20706 words of extra memory for PDF output out of 20736 (max. 10000000)

